Traceback (most recent call last):
  File "/opt/hostedtoolcache/Python/3.8.11/x64/lib/python3.8/site-packages/jupyter_cache/executors/utils.py", line 51, in single_nb_execution
    executenb(
  File "/opt/hostedtoolcache/Python/3.8.11/x64/lib/python3.8/site-packages/nbclient/client.py", line 1117, in execute
    return NotebookClient(nb=nb, resources=resources, km=km, **kwargs).execute()
  File "/opt/hostedtoolcache/Python/3.8.11/x64/lib/python3.8/site-packages/nbclient/util.py", line 78, in wrapped
    return just_run(coro(*args, **kwargs))
  File "/opt/hostedtoolcache/Python/3.8.11/x64/lib/python3.8/site-packages/nbclient/util.py", line 57, in just_run
    return loop.run_until_complete(coro)
  File "/opt/hostedtoolcache/Python/3.8.11/x64/lib/python3.8/asyncio/base_events.py", line 616, in run_until_complete
    return future.result()
  File "/opt/hostedtoolcache/Python/3.8.11/x64/lib/python3.8/site-packages/nbclient/client.py", line 558, in async_execute
    await self.async_execute_cell(
  File "/opt/hostedtoolcache/Python/3.8.11/x64/lib/python3.8/site-packages/nbclient/client.py", line 862, in async_execute_cell
    self._check_raise_for_error(cell, exec_reply)
  File "/opt/hostedtoolcache/Python/3.8.11/x64/lib/python3.8/site-packages/nbclient/client.py", line 765, in _check_raise_for_error
    raise CellExecutionError.from_cell_and_msg(cell, exec_reply_content)
nbclient.exceptions.CellExecutionError: An error occurred while executing the following cell:
------------------
// Exemple (non fonctionnel dans Jupyter) d'une requête XMLHttpRequest
var xhr = new XMLHttpRequest();
xhr.open("POST", 'https://jsonplaceholder.typicode.com/posts', true);

//Send the proper header information along with the request
xhr.setRequestHeader("Content-Type", "application/json");


xhr.onreadystatechange = function() { // Call a function when the state changes.
    if (this.readyState === XMLHttpRequest.DONE && this.status === 200) {
        console.log("finished");
    }
}

var body = {
    title: 'foo',
    body: 'bar',
    userId: 1
};

xhr.send(JSON.stringify(body));
------------------

evalmachine.<anonymous>:2
var xhr = new XMLHttpRequest();
          ^

ReferenceError: XMLHttpRequest is not defined
    at evalmachine.<anonymous>:2:11
    at Script.runInThisContext (vm.js:134:12)
    at Object.runInThisContext (vm.js:310:38)
    at run ([eval]:1054:15)
    at onRunRequest ([eval]:888:18)
    at onMessage ([eval]:848:13)
    at process.emit (events.js:400:28)
    at emit (internal/child_process.js:910:12)
    at processTicksAndRejections (internal/process/task_queues.js:83:21)
ReferenceError: XMLHttpRequest is not defined

